2023-02-03 13:10:54,576 ERROR com.examly.springapp.exception.ResourceExceptionHandler [http-nio-8081-exec-6] Ran into Exception : Request method 'GET' not supported
2023-02-03 13:11:05,590 ERROR com.examly.springapp.exception.ResourceExceptionHandler [http-nio-8081-exec-7] Access is Denied for unauthorised usage : Access is denied
2023-02-03 13:13:54,269 ERROR com.examly.springapp.exception.ResourceExceptionHandler [http-nio-8081-exec-1] Ran into Exception : could not execute statement; SQL [n/a]; constraint [PRIMARY]; nested exception is org.hibernate.exception.ConstraintViolationException: could not execute statement
2023-02-03 13:17:42,727 ERROR com.examly.springapp.exception.ResourceExceptionHandler [http-nio-8081-exec-2] Ran into Exception : could not execute statement; SQL [n/a]; constraint [PRIMARY]; nested exception is org.hibernate.exception.ConstraintViolationException: could not execute statement
2023-02-03 13:37:51,856 ERROR com.examly.springapp.exception.ResourceExceptionHandler [http-nio-8081-exec-3] Ran into Exception : Bad credentials
2023-02-03 13:38:13,164 ERROR com.examly.springapp.exception.ResourceExceptionHandler [http-nio-8081-exec-5] Ran into Exception : Error: Role is not found.
2023-02-03 13:38:18,678 ERROR com.examly.springapp.exception.ResourceExceptionHandler [http-nio-8081-exec-6] Ran into Exception : Error: Role is not found.
2023-02-03 15:03:12,059 ERROR com.examly.springapp.exception.ResourceExceptionHandler [http-nio-8081-exec-4] Access is Denied for unauthorised usage : Access is denied
2023-02-03 15:12:26,890 ERROR com.examly.springapp.exception.ResourceExceptionHandler [http-nio-8081-exec-8] Access is Denied for unauthorised usage : Access is denied
2023-02-03 15:14:38,541 ERROR com.examly.springapp.exception.ResourceExceptionHandler [http-nio-8081-exec-4] Ran into Exception : JSON parse error: Unexpected end-of-input: expected close marker for Object (start marker at [Source: (PushbackInputStream); line: 1, column: 1]); nested exception is com.fasterxml.jackson.core.io.JsonEOFException: Unexpected end-of-input: expected close marker for Object (start marker at [Source: (PushbackInputStream); line: 1, column: 1])
 at [Source: (PushbackInputStream); line: 18, column: 5]
2023-02-03 15:15:00,501 ERROR com.examly.springapp.exception.ResourceExceptionHandler [http-nio-8081-exec-5] Access is Denied for unauthorised usage : Access is denied
2023-02-03 16:42:43,498 ERROR com.examly.springapp.exception.ResourceExceptionHandler [http-nio-8081-exec-2] Resource is Unidentfied : Service Center not exist with id: 2
2023-02-03 16:43:17,395 ERROR com.examly.springapp.exception.ResourceExceptionHandler [http-nio-8081-exec-9] Resource is Unidentfied : Service Center not exist with id: 2
2023-02-03 16:45:51,058 ERROR com.examly.springapp.exception.ResourceExceptionHandler [http-nio-8081-exec-3] Access is Denied for unauthorised usage : Access is denied
2023-02-03 17:22:42,651 ERROR com.examly.springapp.exception.ResourceExceptionHandler [http-nio-8081-exec-2] Access is Denied for unauthorised usage : Access is denied
2023-02-03 17:25:29,733 ERROR com.examly.springapp.exception.ResourceExceptionHandler [http-nio-8081-exec-4] Ran into Exception : could not execute statement; SQL [n/a]; constraint [null]; nested exception is org.hibernate.exception.ConstraintViolationException: could not execute statement
2023-02-03 17:26:27,572 ERROR com.examly.springapp.exception.ResourceExceptionHandler [http-nio-8081-exec-6] Ran into Exception : could not execute statement; SQL [n/a]; constraint [null]; nested exception is org.hibernate.exception.ConstraintViolationException: could not execute statement
2023-02-03 17:34:34,412 ERROR com.examly.springapp.exception.ResourceExceptionHandler [http-nio-8081-exec-1] Ran into Exception : JSON parse error: Cannot construct instance of `com.examly.springapp.model.ServiceCenter` (although at least one Creator exists): no String-argument constructor/factory method to deserialize from String value ('serviceCenter'); nested exception is com.fasterxml.jackson.databind.exc.MismatchedInputException: Cannot construct instance of `com.examly.springapp.model.ServiceCenter` (although at least one Creator exists): no String-argument constructor/factory method to deserialize from String value ('serviceCenter')
 at [Source: (PushbackInputStream); line: 1, column: 1]
2023-02-03 17:51:02,492 ERROR com.examly.springapp.exception.ResourceExceptionHandler [http-nio-8081-exec-5] Access is Denied for unauthorised usage : Access is denied
