2023-01-31 18:40:21,128 DEBUG com.examly.springapp.security.service.jwt.AuthTokenFilter [restartedMain] Filter 'authenticationJwtTokenFilter' configured for use
2023-01-31 18:40:22,474 INFO com.examly.springapp.SpringappApplication [restartedMain] Started SpringappApplication in 10.355 seconds (JVM running for 95.657)
2023-01-31 18:40:24,482 INFO com.examly.springapp.SpringappApplication [restartedMain] Starting SpringappApplication using Java 15.0.2 on DESKTOP-C03LFNF with PID 19908 (D:\PPR\73657791-a180-49c5-81f9-ed1a0efadaaf\springapp\target\classes started by Acer in D:\PPR\73657791-a180-49c5-81f9-ed1a0efadaaf\springapp)
2023-01-31 18:40:24,483 DEBUG com.examly.springapp.SpringappApplication [restartedMain] Running with Spring Boot v2.4.5, Spring v5.3.6
2023-01-31 18:40:24,493 INFO com.examly.springapp.SpringappApplication [restartedMain] No active profile set, falling back to default profiles: default
2023-01-31 18:40:29,120 DEBUG com.examly.springapp.security.service.jwt.AuthTokenFilter [restartedMain] Filter 'authenticationJwtTokenFilter' configured for use
2023-01-31 18:40:30,393 INFO com.examly.springapp.SpringappApplication [restartedMain] Started SpringappApplication in 6.229 seconds (JVM running for 103.576)
2023-01-31 18:58:07,763 INFO com.examly.springapp.SpringappApplication [restartedMain] Starting SpringappApplication using Java 15.0.2 on DESKTOP-C03LFNF with PID 12332 (D:\PPR\73657791-a180-49c5-81f9-ed1a0efadaaf\springapp\target\classes started by Acer in D:\PPR\73657791-a180-49c5-81f9-ed1a0efadaaf\springapp)
2023-01-31 18:58:07,768 DEBUG com.examly.springapp.SpringappApplication [restartedMain] Running with Spring Boot v2.4.5, Spring v5.3.6
2023-01-31 18:58:07,769 INFO com.examly.springapp.SpringappApplication [restartedMain] No active profile set, falling back to default profiles: default
2023-01-31 18:58:24,924 DEBUG com.examly.springapp.security.service.jwt.AuthTokenFilter [restartedMain] Filter 'authenticationJwtTokenFilter' configured for use
2023-01-31 18:58:30,635 INFO com.examly.springapp.SpringappApplication [restartedMain] Started SpringappApplication in 24.607 seconds (JVM running for 26.737)
2023-01-31 19:00:52,287 INFO com.examly.springapp.SpringappApplication [restartedMain] Starting SpringappApplication using Java 15.0.2 on DESKTOP-C03LFNF with PID 12332 (D:\PPR\73657791-a180-49c5-81f9-ed1a0efadaaf\springapp\target\classes started by Acer in D:\PPR\73657791-a180-49c5-81f9-ed1a0efadaaf\springapp)
2023-01-31 19:00:52,290 DEBUG com.examly.springapp.SpringappApplication [restartedMain] Running with Spring Boot v2.4.5, Spring v5.3.6
2023-01-31 19:00:52,291 INFO com.examly.springapp.SpringappApplication [restartedMain] No active profile set, falling back to default profiles: default
2023-01-31 19:00:58,498 DEBUG com.examly.springapp.security.service.jwt.AuthTokenFilter [restartedMain] Filter 'authenticationJwtTokenFilter' configured for use
2023-01-31 19:01:01,992 INFO com.examly.springapp.SpringappApplication [restartedMain] Started SpringappApplication in 10.292 seconds (JVM running for 178.095)
2023-01-31 19:01:04,696 INFO com.examly.springapp.SpringappApplication [restartedMain] Starting SpringappApplication using Java 15.0.2 on DESKTOP-C03LFNF with PID 12332 (D:\PPR\73657791-a180-49c5-81f9-ed1a0efadaaf\springapp\target\classes started by Acer in D:\PPR\73657791-a180-49c5-81f9-ed1a0efadaaf\springapp)
2023-01-31 19:01:04,697 DEBUG com.examly.springapp.SpringappApplication [restartedMain] Running with Spring Boot v2.4.5, Spring v5.3.6
2023-01-31 19:01:04,699 INFO com.examly.springapp.SpringappApplication [restartedMain] No active profile set, falling back to default profiles: default
2023-01-31 19:01:11,355 DEBUG com.examly.springapp.security.service.jwt.AuthTokenFilter [restartedMain] Filter 'authenticationJwtTokenFilter' configured for use
2023-01-31 19:01:16,502 INFO com.examly.springapp.SpringappApplication [restartedMain] Started SpringappApplication in 12.815 seconds (JVM running for 192.604)
2023-01-31 19:01:18,378 INFO com.examly.springapp.SpringappApplication [restartedMain] Starting SpringappApplication using Java 15.0.2 on DESKTOP-C03LFNF with PID 12332 (D:\PPR\73657791-a180-49c5-81f9-ed1a0efadaaf\springapp\target\classes started by Acer in D:\PPR\73657791-a180-49c5-81f9-ed1a0efadaaf\springapp)
2023-01-31 19:01:18,379 DEBUG com.examly.springapp.SpringappApplication [restartedMain] Running with Spring Boot v2.4.5, Spring v5.3.6
2023-01-31 19:01:18,379 INFO com.examly.springapp.SpringappApplication [restartedMain] No active profile set, falling back to default profiles: default
2023-01-31 19:01:21,157 DEBUG com.examly.springapp.security.service.jwt.AuthTokenFilter [restartedMain] Filter 'authenticationJwtTokenFilter' configured for use
2023-01-31 19:01:22,163 INFO com.examly.springapp.SpringappApplication [restartedMain] Started SpringappApplication in 4.026 seconds (JVM running for 198.266)
2023-01-31 19:23:01,149 INFO com.examly.springapp.SpringappApplication [restartedMain] Starting SpringappApplication using Java 15.0.2 on DESKTOP-C03LFNF with PID 1600 (D:\PPR\73657791-a180-49c5-81f9-ed1a0efadaaf\springapp\target\classes started by Acer in D:\PPR\73657791-a180-49c5-81f9-ed1a0efadaaf\springapp)
2023-01-31 19:23:01,153 DEBUG com.examly.springapp.SpringappApplication [restartedMain] Running with Spring Boot v2.4.5, Spring v5.3.6
2023-01-31 19:23:01,154 INFO com.examly.springapp.SpringappApplication [restartedMain] No active profile set, falling back to default profiles: default
