2023-02-03 16:45:50,852 ERROR com.examly.springapp.security.service.jwt.JwtUtils [http-nio-8081-exec-3] Invalid JWT signature: JWT signature does not match locally computed signature. JWT validity cannot be asserted and should not be trusted.
2023-02-03 16:45:51,058 ERROR com.examly.springapp.exception.ResourceExceptionHandler [http-nio-8081-exec-3] Access is Denied for unauthorised usage : Access is denied
2023-02-03 16:57:31,159 INFO com.examly.springapp.SpringappApplication [restartedMain] Starting SpringappApplication using Java 15.0.2 on DESKTOP-C03LFNF with PID 15528 (D:\PPR\73657791-a180-49c5-81f9-ed1a0efadaaf\springapp\target\classes started by Acer in D:\PPR\73657791-a180-49c5-81f9-ed1a0efadaaf\springapp)
2023-02-03 16:57:31,160 DEBUG com.examly.springapp.SpringappApplication [restartedMain] Running with Spring Boot v2.4.5, Spring v5.3.6
2023-02-03 16:57:31,161 INFO com.examly.springapp.SpringappApplication [restartedMain] No active profile set, falling back to default profiles: default
2023-02-03 16:57:35,106 DEBUG com.examly.springapp.security.service.jwt.AuthTokenFilter [restartedMain] Filter 'authenticationJwtTokenFilter' configured for use
2023-02-03 16:57:36,546 INFO com.examly.springapp.SpringappApplication [restartedMain] Started SpringappApplication in 5.565 seconds (JVM running for 1212.946)
2023-02-03 17:22:42,560 ERROR com.examly.springapp.security.service.jwt.JwtUtils [http-nio-8081-exec-2] Invalid JWT signature: JWT signature does not match locally computed signature. JWT validity cannot be asserted and should not be trusted.
2023-02-03 17:22:42,651 ERROR com.examly.springapp.exception.ResourceExceptionHandler [http-nio-8081-exec-2] Access is Denied for unauthorised usage : Access is denied
2023-02-03 17:25:29,733 ERROR com.examly.springapp.exception.ResourceExceptionHandler [http-nio-8081-exec-4] Ran into Exception : could not execute statement; SQL [n/a]; constraint [null]; nested exception is org.hibernate.exception.ConstraintViolationException: could not execute statement
2023-02-03 17:26:27,572 ERROR com.examly.springapp.exception.ResourceExceptionHandler [http-nio-8081-exec-6] Ran into Exception : could not execute statement; SQL [n/a]; constraint [null]; nested exception is org.hibernate.exception.ConstraintViolationException: could not execute statement
2023-02-03 17:28:13,731 ERROR com.examly.springapp.security.service.jwt.JwtUtils [http-nio-8081-exec-5] Invalid JWT signature: JWT signature does not match locally computed signature. JWT validity cannot be asserted and should not be trusted.
2023-02-03 17:30:19,842 INFO com.examly.springapp.SpringappApplication [restartedMain] Starting SpringappApplication using Java 15.0.2 on DESKTOP-C03LFNF with PID 15528 (D:\PPR\73657791-a180-49c5-81f9-ed1a0efadaaf\springapp\target\classes started by Acer in D:\PPR\73657791-a180-49c5-81f9-ed1a0efadaaf\springapp)
2023-02-03 17:30:19,843 DEBUG com.examly.springapp.SpringappApplication [restartedMain] Running with Spring Boot v2.4.5, Spring v5.3.6
2023-02-03 17:30:19,843 INFO com.examly.springapp.SpringappApplication [restartedMain] No active profile set, falling back to default profiles: default
2023-02-03 17:30:23,589 DEBUG com.examly.springapp.security.service.jwt.AuthTokenFilter [restartedMain] Filter 'authenticationJwtTokenFilter' configured for use
2023-02-03 17:30:24,503 INFO com.examly.springapp.SpringappApplication [restartedMain] Started SpringappApplication in 5.108 seconds (JVM running for 3180.903)
2023-02-03 17:30:29,482 INFO com.examly.springapp.SpringappApplication [restartedMain] Starting SpringappApplication using Java 15.0.2 on DESKTOP-C03LFNF with PID 15528 (D:\PPR\73657791-a180-49c5-81f9-ed1a0efadaaf\springapp\target\classes started by Acer in D:\PPR\73657791-a180-49c5-81f9-ed1a0efadaaf\springapp)
2023-02-03 17:30:29,483 DEBUG com.examly.springapp.SpringappApplication [restartedMain] Running with Spring Boot v2.4.5, Spring v5.3.6
2023-02-03 17:30:29,483 INFO com.examly.springapp.SpringappApplication [restartedMain] No active profile set, falling back to default profiles: default
2023-02-03 17:30:32,765 DEBUG com.examly.springapp.security.service.jwt.AuthTokenFilter [restartedMain] Filter 'authenticationJwtTokenFilter' configured for use
2023-02-03 17:30:33,540 INFO com.examly.springapp.SpringappApplication [restartedMain] Started SpringappApplication in 4.278 seconds (JVM running for 3189.94)
2023-02-03 17:30:52,999 INFO com.examly.springapp.SpringappApplication [restartedMain] Starting SpringappApplication using Java 15.0.2 on DESKTOP-C03LFNF with PID 15528 (D:\PPR\73657791-a180-49c5-81f9-ed1a0efadaaf\springapp\target\classes started by Acer in D:\PPR\73657791-a180-49c5-81f9-ed1a0efadaaf\springapp)
2023-02-03 17:30:53,000 DEBUG com.examly.springapp.SpringappApplication [restartedMain] Running with Spring Boot v2.4.5, Spring v5.3.6
2023-02-03 17:30:53,000 INFO com.examly.springapp.SpringappApplication [restartedMain] No active profile set, falling back to default profiles: default
2023-02-03 17:30:55,517 DEBUG com.examly.springapp.security.service.jwt.AuthTokenFilter [restartedMain] Filter 'authenticationJwtTokenFilter' configured for use
2023-02-03 17:30:56,300 INFO com.examly.springapp.SpringappApplication [restartedMain] Started SpringappApplication in 3.377 seconds (JVM running for 3212.7)
2023-02-03 17:34:05,261 INFO com.examly.springapp.SpringappApplication [restartedMain] Starting SpringappApplication using Java 15.0.2 on DESKTOP-C03LFNF with PID 14612 (D:\PPR\73657791-a180-49c5-81f9-ed1a0efadaaf\springapp\target\classes started by Acer in D:\PPR\73657791-a180-49c5-81f9-ed1a0efadaaf\springapp)
2023-02-03 17:34:05,266 DEBUG com.examly.springapp.SpringappApplication [restartedMain] Running with Spring Boot v2.4.5, Spring v5.3.6
2023-02-03 17:34:05,268 INFO com.examly.springapp.SpringappApplication [restartedMain] No active profile set, falling back to default profiles: default
