2023-02-07 10:25:49,617 INFO com.examly.springapp.SpringappApplication [restartedMain] Starting SpringappApplication using Java 15.0.2 on DESKTOP-C03LFNF with PID 11176 (D:\PPR\73657791-a180-49c5-81f9-ed1a0efadaaf\springapp\target\classes started by Acer in D:\PPR\73657791-a180-49c5-81f9-ed1a0efadaaf\springapp)
2023-02-07 10:25:50,029 DEBUG com.examly.springapp.SpringappApplication [restartedMain] Running with Spring Boot v2.4.5, Spring v5.3.6
2023-02-07 10:25:50,030 INFO com.examly.springapp.SpringappApplication [restartedMain] No active profile set, falling back to default profiles: default
2023-02-07 10:26:53,654 DEBUG com.examly.springapp.security.service.jwt.AuthTokenFilter [restartedMain] Filter 'authenticationJwtTokenFilter' configured for use
2023-02-07 10:27:06,219 INFO com.examly.springapp.SpringappApplication [restartedMain] Started SpringappApplication in 83.31 seconds (JVM running for 95.996)
2023-02-07 10:42:06,929 ERROR com.examly.springapp.security.service.jwt.JwtUtils [http-nio-8081-exec-4] Invalid JWT signature: JWT signature does not match locally computed signature. JWT validity cannot be asserted and should not be trusted.
2023-02-07 10:50:40,905 ERROR com.examly.springapp.exception.ResourceExceptionHandler [http-nio-8081-exec-10] Ran into Exception : Required request body is missing: public org.springframework.http.ResponseEntity<?> com.examly.springapp.controller.AppointmentController.getAppo(com.examly.springapp.model.Product)
2023-02-07 10:53:10,711 INFO com.examly.springapp.SpringappApplication [restartedMain] Starting SpringappApplication using Java 15.0.2 on DESKTOP-C03LFNF with PID 5884 (D:\PPR\73657791-a180-49c5-81f9-ed1a0efadaaf\springapp\target\classes started by Acer in D:\PPR\73657791-a180-49c5-81f9-ed1a0efadaaf\springapp)
2023-02-07 10:53:10,716 DEBUG com.examly.springapp.SpringappApplication [restartedMain] Running with Spring Boot v2.4.5, Spring v5.3.6
2023-02-07 10:53:10,718 INFO com.examly.springapp.SpringappApplication [restartedMain] No active profile set, falling back to default profiles: default
2023-02-07 10:53:25,922 DEBUG com.examly.springapp.security.service.jwt.AuthTokenFilter [restartedMain] Filter 'authenticationJwtTokenFilter' configured for use
2023-02-07 10:53:31,037 INFO com.examly.springapp.SpringappApplication [restartedMain] Started SpringappApplication in 22.506 seconds (JVM running for 24.819)
2023-02-07 10:58:28,656 ERROR com.examly.springapp.security.service.jwt.JwtUtils [http-nio-8081-exec-6] Invalid JWT signature: JWT signature does not match locally computed signature. JWT validity cannot be asserted and should not be trusted.
2023-02-07 10:58:28,712 ERROR com.examly.springapp.exception.ResourceExceptionHandler [http-nio-8081-exec-6] Access is Denied for unauthorised usage : Access is denied
2023-02-07 10:59:23,221 INFO com.examly.springapp.SpringappApplication [restartedMain] Starting SpringappApplication using Java 15.0.2 on DESKTOP-C03LFNF with PID 10548 (D:\PPR\73657791-a180-49c5-81f9-ed1a0efadaaf\springapp\target\classes started by Acer in D:\PPR\73657791-a180-49c5-81f9-ed1a0efadaaf\springapp)
2023-02-07 10:59:23,226 DEBUG com.examly.springapp.SpringappApplication [restartedMain] Running with Spring Boot v2.4.5, Spring v5.3.6
2023-02-07 10:59:23,227 INFO com.examly.springapp.SpringappApplication [restartedMain] No active profile set, falling back to default profiles: default
2023-02-07 10:59:36,715 DEBUG com.examly.springapp.security.service.jwt.AuthTokenFilter [restartedMain] Filter 'authenticationJwtTokenFilter' configured for use
2023-02-07 10:59:41,132 INFO com.examly.springapp.SpringappApplication [restartedMain] Started SpringappApplication in 18.954 seconds (JVM running for 20.58)
2023-02-07 11:03:24,098 ERROR com.examly.springapp.exception.ResourceExceptionHandler [http-nio-8081-exec-5] Access is Denied for unauthorised usage : Access is denied
2023-02-07 12:28:24,937 INFO com.examly.springapp.SpringappApplication [restartedMain] Starting SpringappApplication using Java 15.0.2 on DESKTOP-C03LFNF with PID 19940 (D:\PPR\73657791-a180-49c5-81f9-ed1a0efadaaf\springapp\target\classes started by Acer in D:\PPR\73657791-a180-49c5-81f9-ed1a0efadaaf\springapp)
2023-02-07 12:28:24,942 DEBUG com.examly.springapp.SpringappApplication [restartedMain] Running with Spring Boot v2.4.5, Spring v5.3.6
2023-02-07 12:28:24,942 INFO com.examly.springapp.SpringappApplication [restartedMain] No active profile set, falling back to default profiles: default
2023-02-07 12:28:39,022 DEBUG com.examly.springapp.security.service.jwt.AuthTokenFilter [restartedMain] Filter 'authenticationJwtTokenFilter' configured for use
2023-02-07 12:28:43,149 INFO com.examly.springapp.SpringappApplication [restartedMain] Started SpringappApplication in 20.491 seconds (JVM running for 22.561)
2023-02-07 12:30:35,150 ERROR com.examly.springapp.security.service.jwt.JwtUtils [http-nio-8081-exec-4] Invalid JWT signature: JWT signature does not match locally computed signature. JWT validity cannot be asserted and should not be trusted.
2023-02-07 12:30:35,171 ERROR com.examly.springapp.exception.ResourceExceptionHandler [http-nio-8081-exec-4] Access is Denied for unauthorised usage : Access is denied
2023-02-07 12:31:34,661 INFO com.examly.springapp.SpringappApplication [restartedMain] Starting SpringappApplication using Java 15.0.2 on DESKTOP-C03LFNF with PID 18120 (D:\PPR\73657791-a180-49c5-81f9-ed1a0efadaaf\springapp\target\classes started by Acer in D:\PPR\73657791-a180-49c5-81f9-ed1a0efadaaf\springapp)
2023-02-07 12:31:34,673 DEBUG com.examly.springapp.SpringappApplication [restartedMain] Running with Spring Boot v2.4.5, Spring v5.3.6
2023-02-07 12:31:34,678 INFO com.examly.springapp.SpringappApplication [restartedMain] No active profile set, falling back to default profiles: default
